[2024-06-16 11:55:40]   select * from npmc_limits_by_recipe order by recipe desc
[2024-06-16 11:56:53]   select * from npmc_limits_by_recipe order by recipe desc
[2024-06-16 11:57:02]   select * from npmc_limits_by_recipe order by recipe desc
[2024-06-16 12:01:54]   select * from npmc_limits_by_recipe order by recipe desc
[2024-06-16 12:02:06]   delete from npmc_limits_by_recipe where recipe = 14
[2024-06-16 12:05:31]   select * from npmc_limits_by_recipe order by recipe desc
[2024-06-16 12:05:46]   delete from npmc_limits_by_recipe where recipe = 14
[2024-06-16 12:07:26]   select * from npmc_limits_by_recipe order by recipe desc
[2024-06-16 12:08:17]   select * from npmc_limits_by_recipe order by recipe desc
[2024-06-16 12:09:01]   delete from npmc_limits_by_recipe where recipe = 8
[2024-06-16 12:12:35]   select * from npmc_limits_by_recipe order by recipe desc
[2024-06-16 12:13:06]   delete from npmc_limits_by_recipe where recipe = 14
[2024-06-16 12:13:06]   insert into npmc_limits_by_recipe values('14','9','0.0','0.0','7','0.0')
[2024-06-16 12:13:12]   select * from npmc_limits_by_recipe order by recipe desc
[2024-06-16 12:15:20]   select * from npmc_limits_by_recipe order by recipe desc
[2024-06-16 12:16:03]   select * from npmc_limits_by_recipe order by recipe desc
[2024-06-16 12:16:10]   select * from npmc_limits_by_recipe order by recipe desc
[2024-06-16 12:16:21]   delete from npmc_limits_by_recipe where recipe = 11
[2024-06-16 12:16:21]   insert into npmc_limits_by_recipe values('11','0.0','50','0.0','0.0','0.0')
[2024-06-16 12:16:25]   select * from npmc_limits_by_recipe order by recipe desc
[2024-06-16 13:59:17]   select * from npmc_limits_by_recipe order by recipe desc
[2024-06-16 14:00:20]   select * from npmc_limits_by_recipe order by recipe desc
[2024-06-16 14:00:24]   select * from npmc_limits_by_recipe order by recipe desc
[2024-06-16 14:00:27]   select * from npmc_limits_by_recipe order by recipe desc
[2024-06-16 14:00:29]   select * from npmc_limits_by_recipe order by recipe desc
[2024-06-16 14:00:30]   select * from npmc_limits_by_recipe order by recipe desc
[2024-06-16 14:01:45]   select * from npmc_limits_by_recipe order by recipe desc
[2024-06-16 14:10:53]   select * from npmc_limits_by_recipe order by recipe desc
[2024-06-16 14:10:54]   select * from npmc_limits_all_recipes order by id desc
[2024-06-16 14:22:31]   select * from npmc_limits_by_recipe order by recipe desc
[2024-06-16 14:22:32]   select * from npmc_limits_all_recipes order by id desc
[2024-06-16 14:22:40]   delete from npmc_limits_all_recipes where id = 1
[2024-06-16 14:23:54]   select * from npmc_limits_by_recipe order by recipe desc
[2024-06-16 14:23:55]   select * from npmc_limits_all_recipes order by id desc
[2024-06-16 14:24:16]   delete from npmc_limits_all_recipes where id = 1
[2024-06-16 14:39:53]   select * from npmc_limits_by_recipe order by recipe desc
[2024-06-16 14:39:54]   select * from npmc_limits_all_recipes order by id desc
[2024-06-16 14:40:03]   delete from npmc_limits_all_recipes where id = 1
[2024-06-16 14:40:03]   insert into npmc_limits_all_recipes values('1','0.0','5','0.0')
[2024-06-16 14:41:00]   delete from npmc_limits_all_recipes where id = 1
[2024-06-16 14:41:00]   insert into npmc_limits_all_recipes values('1','0.0','7','0.0')
[2024-06-16 14:42:30]   select * from npmc_limits_by_recipe order by recipe desc
[2024-06-16 14:42:34]   select * from npmc_limits_all_recipes order by id desc
[2024-06-16 15:07:38]   select * from npmc_limits_all_recipes order by id desc
[2024-06-16 15:07:40]   select * from npmc_limits_by_recipe order by recipe desc
[2024-06-16 15:07:41]   select * from npmc_limits_all_recipes order by id desc
[2024-06-16 15:07:50]   delete from npmc_limits_all_recipes where id = 1
[2024-06-16 15:07:50]   insert into npmc_limits_all_recipes values('1','5','7.0','0.0')
[2024-06-16 15:07:52]   select * from npmc_limits_by_recipe order by recipe desc
[2024-06-16 15:07:53]   select * from npmc_limits_all_recipes order by id desc
[2024-06-16 15:10:10]   select * from npmc_limits_by_recipe order by recipe desc
[2024-06-16 15:10:20]   insert into npmc_limits_by_recipe values('14','2','0.0','0.0','7.0','0.0')
[2024-06-16 15:10:22]   select * from npmc_limits_all_recipes order by id desc
[2024-06-16 15:10:24]   select * from npmc_limits_by_recipe order by recipe desc
[2024-06-16 15:10:25]   select * from npmc_limits_all_recipes order by id desc
[2024-06-16 15:11:48]   select * from npmc_limits_by_recipe order by recipe desc
[2024-06-16 15:11:54]   delete from npmc_limits_by_recipe where recipe = 14
[2024-06-16 15:11:54]   insert into npmc_limits_by_recipe values('14','4','0.0','0.0','7.0','0.0')
[2024-06-16 15:11:57]   select * from npmc_limits_all_recipes order by id desc
[2024-06-16 15:11:57]   select * from npmc_limits_by_recipe order by recipe desc
[2024-06-16 15:11:59]   select * from npmc_limits_all_recipes order by id desc
[2024-06-16 15:12:03]   delete from npmc_limits_all_recipes where id = 1
[2024-06-16 15:12:03]   insert into npmc_limits_all_recipes values('1','12','7.0','0.0')
[2024-06-16 15:12:06]   select * from npmc_limits_by_recipe order by recipe desc
[2024-06-16 15:12:07]   select * from npmc_limits_all_recipes order by id desc
[2024-06-16 15:13:27]   select * from npmc_limits_by_recipe order by recipe desc
[2024-06-16 19:18:37]   select * from npmc_limits_by_recipe order by recipe desc
[2024-06-16 19:31:01]   select * from npmc_limits_by_recipe order by recipe desc
[2024-06-16 20:08:33]   select * from npmc_limits_by_recipe order by recipe desc
[2024-06-16 20:08:35]   select * from npmc_limits_all_recipes order by id desc
[2024-06-16 20:09:21]   select * from npmc_limits_by_recipe order by recipe desc
[2024-06-16 20:11:59]   select * from npmc_limits_all_recipes order by id asc
[2024-06-16 20:12:07]   delete from npmc_limits_all_recipes where id = 2
[2024-06-16 20:12:07]   insert into npmc_limits_all_recipes values('2','test_limit_a','1')
[2024-06-16 20:12:10]   select * from npmc_limits_by_recipe order by recipe desc
[2024-06-16 20:12:10]   select * from npmc_limits_all_recipes order by id asc
[2024-06-16 20:12:33]   select * from npmc_limits_by_recipe order by recipe desc
[2024-06-16 20:12:37]   select * from npmc_limits_all_recipes order by id asc
[2024-06-16 20:17:04]   select * from npmc_limits_by_recipe order by recipe desc
[2024-06-16 20:17:06]   select * from npmc_limits_all_recipes order by limit_name desc
[2024-06-16 20:18:07]   select * from npmc_limits_by_recipe order by recipe desc
[2024-06-16 20:18:08]   select * from npmc_limits_all_recipes order by limit_name desc
[2024-06-16 20:20:06]   select * from npmc_limits_by_recipe order by recipe desc
[2024-06-16 20:20:08]   select * from npmc_limits_all_recipes order by limit_name desc
[2024-06-16 20:22:28]   select * from npmc_limits_by_recipe order by recipe desc
[2024-06-16 20:22:29]   select * from npmc_limits_all_recipes order by limit_name desc
[2024-06-16 20:23:30]   select * from npmc_limits_by_recipe order by recipe desc
[2024-06-16 20:27:34]   select * from npmc_limits_by_recipe order by recipe desc
[2024-06-16 20:27:36]   select * from npmc_limits_all_recipes order by limit_name desc
[2024-06-16 20:29:18]   select * from npmc_limits_by_recipe order by recipe desc
[2024-06-16 20:29:19]   select * from npmc_limits_all_recipes order by limit_name desc
[2024-06-16 20:29:27]   delete from npmc_limits_all_recipes where limit_name = 'test_limit_a'
[2024-06-16 20:29:27]   insert into npmc_limits_all_recipes values('test_limit_a','9')
[2024-06-16 20:29:29]   select * from npmc_limits_by_recipe order by recipe desc
[2024-06-16 20:29:30]   select * from npmc_limits_all_recipes order by limit_name desc
[2024-06-16 20:29:31]   select * from npmc_limits_by_recipe order by recipe desc
[2024-06-16 20:29:40]   delete from npmc_limits_by_recipe where recipe = '11'
[2024-06-16 20:29:40]   insert into npmc_limits_by_recipe values('11','280','50.0','0.0','0.0','0.0')
[2024-06-16 20:29:43]   select * from npmc_limits_all_recipes order by limit_name desc
[2024-06-16 20:29:43]   select * from npmc_limits_by_recipe order by recipe desc
[2024-06-16 20:29:45]   select * from npmc_limits_all_recipes order by limit_name desc
[2024-06-16 20:29:51]   delete from npmc_limits_all_recipes where limit_name = 'test_limit_b'
[2024-06-16 20:29:51]   insert into npmc_limits_all_recipes values('test_limit_b','55')
[2024-06-16 20:29:58]   select * from npmc_limits_by_recipe order by recipe desc
[2024-06-16 20:29:59]   select * from npmc_limits_all_recipes order by limit_name desc
[2024-06-16 20:30:08]   select * from npmc_limits_by_recipe order by recipe desc
[2024-06-16 20:35:10]   select * from npmc_limits_all_recipes order by limit_name desc
[2024-06-16 20:35:22]   select * from npmc_limits_by_recipe order by recipe desc
[2024-06-17 11:03:07]   select * from npmc_limits_by_recipe order by recipe desc
[2024-06-17 11:03:47]   select * from npmc_limits_by_recipe order by recipe desc
[2024-06-17 11:03:49]   select * from npmc_limits_all_recipes order by limit_name desc
[2024-06-17 11:03:50]   select * from npmc_limits_by_recipe order by recipe desc
[2024-06-17 11:47:43]   select * from npmc_limits_by_recipe order by recipe desc
[2024-06-17 11:51:25]   select * from npmc_limits_by_recipe order by recipe desc
